27/12/16, 09:12:28
 In FILE: C:\OS\OpenServer\domains\own\index.php
 Line #: 15
 QUERY: SELECTw * FROM `comments` ORDER BY `id` DESC
You have an error in your SQL syntax; check the manual that corresponds to your MySQL server version for the right syntax to use near 'SELECTw * FROM `comments` ORDER BY `id` DESC' at line 1

28/12/16, 01:12:00
 In FILE: C:\OpenServer\domains\own\index.php
 Line #: 15
 QUERY: SELECTw * FROM `users`
You have an error in your SQL syntax; check the manual that corresponds to your MySQL server version for the right syntax to use near 'SELECTw * FROM `users`' at line 1

28/12/16, 02:12:01
 In FILE: C:\OpenServer\domains\own\index.php
 Line #: 15
 QUERY: SELECwT * FROM `comments` ORDER BY `id` DESC
You have an error in your SQL syntax; check the manual that corresponds to your MySQL server version for the right syntax to use near 'SELECwT * FROM `comments` ORDER BY `id` DESC' at line 1

28/12/16, 02:12:25
 In FILE: C:\OpenServer\domains\own\index.php
 Line #: 15
 QUERY: SELECwT * FROM `comments` ORDER BY `id` DESC
You have an error in your SQL syntax; check the manual that corresponds to your MySQL server version for the right syntax to use near 'SELECwT * FROM `comments` ORDER BY `id` DESC' at line 1

28/12/16, 02:12:20
 In FILE: C:\OpenServer\domains\own\index.php
 Line #: 15
 QUERY: SELECwT * FROM `comments` ORDER BY `id` DESC
You have an error in your SQL syntax; check the manual that corresponds to your MySQL server version for the right syntax to use near 'SELECwT * FROM `comments` ORDER BY `id` DESC' at line 1

28/12/16, 07:12:54
 In FILE: C:\OpenServer\domains\own\index.php
 Line #: 15
 QUERY: 
		INSERT INTO `goods` SET
		`titlet` 	  = 'уцецу',
		`description` = 'кпкуп',
		`cat`  		  = 'Планшеты',
		`text`		  = 'кепкеркеор',
		`icode`		  = '55525',
		`price`		  = '363476'
		
Unknown column 'titlet' in 'field list'

28/12/16, 07:12:42
 In FILE: C:\OpenServer\domains\own\index.php
 Line #: 15
 QUERY: 
		INSERT INTO `goods` SET
		`titlet` 	  = 'уапрпке',
		`description` = 'варкаеренортке',
		`cat`  		  = 'Планшеты',
		`text`		  = 'енотнотнгоьего',
		`icode`		  = '6754673',
		`price`		  = '3215346523'
		
Unknown column 'titlet' in 'field list'

29-12-16, 10:12:01
 In FILE: C:\OpenServer\domains\own\index.php
 Line #: 15
 QUERY: 
		INSERT INTO `goods` SET
		`titles` 	  = 'regerg',
		`description` = 'tgrth',
		`cat`  		  = 'Планшеты',
		`text`		  = 'thrth',
		`icode`		  = '124214',
		`price`		  = '124124'
		
Unknown column 'titles' in 'field list'

23-01-17, 01:01:58
 In FILE: C:\OpenServer\domains\own\index.php
 Line #: 15
 QUERY: SELECTw * FROM `users`
You have an error in your SQL syntax; check the manual that corresponds to your MySQL server version for the right syntax to use near 'SELECTw * FROM `users`' at line 1

23-01-17, 02:01:21
 In FILE: C:\OpenServer\domains\own\index.php
 Line #: 15
 QUERY: SELECTw * FROM `users`
You have an error in your SQL syntax; check the manual that corresponds to your MySQL server version for the right syntax to use near 'SELECTw * FROM `users`' at line 1

23-01-17, 02:01:49
 In FILE: C:\OpenServer\domains\own\index.php
 Line #: 15
 QUERY: SELECTw * FROM `users`
You have an error in your SQL syntax; check the manual that corresponds to your MySQL server version for the right syntax to use near 'SELECTw * FROM `users`' at line 1

23-01-17, 02:01:26
 In FILE: C:\OpenServer\domains\own\index.php
 Line #: 16
 QUERY: SELECTw * FROM `users`
You have an error in your SQL syntax; check the manual that corresponds to your MySQL server version for the right syntax to use near 'SELECTw * FROM `users`' at line 1

23-01-17, 02:01:21
 In FILE: C:\OpenServer\domains\own\index.php
 Line #: 16
 QUERY: SELECTw * FROM `users`
You have an error in your SQL syntax; check the manual that corresponds to your MySQL server version for the right syntax to use near 'SELECTw * FROM `users`' at line 1

24-01-17, 01:01:05
 In FILE: C:\OpenServer\domains\own\index.php
 Line #: 16
 QUERY: SELECTw * FROM `users`
You have an error in your SQL syntax; check the manual that corresponds to your MySQL server version for the right syntax to use near 'SELECTw * FROM `users`' at line 1

24-01-17, 01:01:08
 In FILE: C:\OpenServer\domains\own\index.php
 Line #: 15
 QUERY: SELECTw * FROM `users`
You have an error in your SQL syntax; check the manual that corresponds to your MySQL server version for the right syntax to use near 'SELECTw * FROM `users`' at line 1

24-01-17, 02:01:19
 In FILE: C:\OpenServer\domains\own\index.php
 Line #: 15
 QUERY: SELECTw * FROM `users`
You have an error in your SQL syntax; check the manual that corresponds to your MySQL server version for the right syntax to use near 'SELECTw * FROM `users`' at line 1

24-01-17, 05:01:10
 In FILE: C:\OpenServer\domains\own\index.php
 Line #: 15
 QUERY: SELECTw * FROM `users`
You have an error in your SQL syntax; check the manual that corresponds to your MySQL server version for the right syntax to use near 'SELECTw * FROM `users`' at line 1

26-01-17, 06:01:43
 In FILE: C:\OpenServer\domains\own\index.php
 Line #: 15
 QUERY: SELECTw * FROM `users`
You have an error in your SQL syntax; check the manual that corresponds to your MySQL server version for the right syntax to use near 'SELECTw * FROM `users`' at line 1

26-01-17, 06:01:47
 In FILE: C:\OpenServer\domains\own\index.php
 Line #: 15
 QUERY: SELECTw * FROM `users`
You have an error in your SQL syntax; check the manual that corresponds to your MySQL server version for the right syntax to use near 'SELECTw * FROM `users`' at line 1

26-01-17, 06:01:53
 In FILE: C:\OpenServer\domains\own\index.php
 Line #: 15
 QUERY: SELECTw * FROM `users`
You have an error in your SQL syntax; check the manual that corresponds to your MySQL server version for the right syntax to use near 'SELECTw * FROM `users`' at line 1

26-01-17, 07:01:47
 In FILE: C:\OpenServer\domains\own\index.php
 Line #: 17
 QUERY: 
		SELECT `id`
		FROM `users`
		WHERE `login` = mmm
		LIMIT 1
		
Unknown column 'mmm' in 'where clause'

26-01-17, 07:01:47
 In FILE: C:\OpenServer\domains\own\index.php
 Line #: 17
 QUERY: INSERT INTO `users` SET
		`login`    = mmm,
		`email`	   = 123@bk.ru,
		`password` = $1$Ol3.9u4.$isyODvIfKPr5YhWAJnsQ/0,
		`hash`     = $1$ch/./i..$TzhemnQlDEaXEkdoZfCau1	
		
You have an error in your SQL syntax; check the manual that corresponds to your MySQL server version for the right syntax to use near '@bk.ru,
		`password` = $1$Ol3.9u4.$isyODvIfKPr5YhWAJnsQ/0,
		`hash`     = $1$c' at line 3

27-01-17, 09:01:20
 In FILE: C:\OpenServer\domains\own\index.php
 Line #: 17
 QUERY: SELECTw * FROM `users`
You have an error in your SQL syntax; check the manual that corresponds to your MySQL server version for the right syntax to use near 'SELECTw * FROM `users`' at line 1

30-01-17, 12:01:16
 In FILE: C:\OpenServer\domains\own\index.php
 Line #: 17
 QUERY: SELECTw * FROM `users`
You have an error in your SQL syntax; check the manual that corresponds to your MySQL server version for the right syntax to use near 'SELECTw * FROM `users`' at line 1

30-01-17, 12:01:42
 In FILE: C:\OpenServer\domains\own\index.php
 Line #: 17
 QUERY: SELECTw * FROM `users`
You have an error in your SQL syntax; check the manual that corresponds to your MySQL server version for the right syntax to use near 'SELECTw * FROM `users`' at line 1

30-01-17, 12:01:42
 In FILE: C:\OpenServer\domains\own\index.php
 Line #: 17
 QUERY: SELECTw * FROM `users`
You have an error in your SQL syntax; check the manual that corresponds to your MySQL server version for the right syntax to use near 'SELECTw * FROM `users`' at line 1

30-01-17, 12:01:20
 In FILE: C:\OpenServer\domains\own\index.php
 Line #: 17
 QUERY: SELECTw * FROM `users`
You have an error in your SQL syntax; check the manual that corresponds to your MySQL server version for the right syntax to use near 'SELECTw * FROM `users`' at line 1

30-01-17, 02:01:21
 In FILE: C:\OpenServer\domains\own\index.php
 Line #: 17
 QUERY: SELECTw * FROM `users`
You have an error in your SQL syntax; check the manual that corresponds to your MySQL server version for the right syntax to use near 'SELECTw * FROM `users`' at line 1

30-01-17, 04:01:19
 In FILE: C:\OpenServer\domains\own\index.php
 Line #: 17
 QUERY: SELECTw * FROM `users`
You have an error in your SQL syntax; check the manual that corresponds to your MySQL server version for the right syntax to use near 'SELECTw * FROM `users`' at line 1

30-01-17, 04:01:07
 In FILE: C:\OpenServer\domains\own\index.php
 Line #: 17
 QUERY: SELECTw * FROM `users`
You have an error in your SQL syntax; check the manual that corresponds to your MySQL server version for the right syntax to use near 'SELECTw * FROM `users`' at line 1

30-01-17, 05:01:42
 In FILE: C:\OpenServer\domains\own\index.php
 Line #: 17
 QUERY: SELECTw * FROM `users`
You have an error in your SQL syntax; check the manual that corresponds to your MySQL server version for the right syntax to use near 'SELECTw * FROM `users`' at line 1

30-01-17, 05:01:10
 In FILE: C:\OpenServer\domains\own\index.php
 Line #: 17
 QUERY: SELECTw * FROM `users`
You have an error in your SQL syntax; check the manual that corresponds to your MySQL server version for the right syntax to use near 'SELECTw * FROM `users`' at line 1

30-01-17, 06:01:15
 In FILE: C:\OpenServer\domains\own\index.php
 Line #: 17
 QUERY: SELECTw * FROM `users`
You have an error in your SQL syntax; check the manual that corresponds to your MySQL server version for the right syntax to use near 'SELECTw * FROM `users`' at line 1

30-01-17, 06:01:19
 In FILE: C:\OpenServer\domains\own\index.php
 Line #: 17
 QUERY: SELECTw * FROM `users`
You have an error in your SQL syntax; check the manual that corresponds to your MySQL server version for the right syntax to use near 'SELECTw * FROM `users`' at line 1

30-01-17, 06:01:41
 In FILE: C:\OpenServer\domains\own\index.php
 Line #: 17
 QUERY: SELECTw * FROM `users`
You have an error in your SQL syntax; check the manual that corresponds to your MySQL server version for the right syntax to use near 'SELECTw * FROM `users`' at line 1

30-01-17, 06:01:47
 In FILE: C:\OpenServer\domains\own\index.php
 Line #: 17
 QUERY: SELECTw * FROM `users`
You have an error in your SQL syntax; check the manual that corresponds to your MySQL server version for the right syntax to use near 'SELECTw * FROM `users`' at line 1

30-01-17, 06:01:33
 In FILE: C:\OpenServer\domains\own\index.php
 Line #: 17
 QUERY: SELECTw * FROM `users`
You have an error in your SQL syntax; check the manual that corresponds to your MySQL server version for the right syntax to use near 'SELECTw * FROM `users`' at line 1

30-01-17, 06:01:06
 In FILE: C:\OpenServer\domains\own\index.php
 Line #: 17
 QUERY: SELECTw * FROM `users`
You have an error in your SQL syntax; check the manual that corresponds to your MySQL server version for the right syntax to use near 'SELECTw * FROM `users`' at line 1

30-01-17, 06:01:57
 In FILE: C:\OpenServer\domains\own\index.php
 Line #: 17
 QUERY: SELECTw * FROM `users`
You have an error in your SQL syntax; check the manual that corresponds to your MySQL server version for the right syntax to use near 'SELECTw * FROM `users`' at line 1

30-01-17, 06:01:36
 In FILE: C:\OpenServer\domains\own\index.php
 Line #: 17
 QUERY: SELECTw * FROM `users`
You have an error in your SQL syntax; check the manual that corresponds to your MySQL server version for the right syntax to use near 'SELECTw * FROM `users`' at line 1

30-01-17, 06:01:19
 In FILE: C:\OpenServer\domains\own\index.php
 Line #: 17
 QUERY: SELECTw * FROM `users`
You have an error in your SQL syntax; check the manual that corresponds to your MySQL server version for the right syntax to use near 'SELECTw * FROM `users`' at line 1

30-01-17, 06:01:45
 In FILE: C:\OpenServer\domains\own\index.php
 Line #: 17
 QUERY: SELECTw * FROM `users`
You have an error in your SQL syntax; check the manual that corresponds to your MySQL server version for the right syntax to use near 'SELECTw * FROM `users`' at line 1

30-01-17, 06:01:02
 In FILE: C:\OpenServer\domains\own\index.php
 Line #: 17
 QUERY: SELECTw * FROM `users`
You have an error in your SQL syntax; check the manual that corresponds to your MySQL server version for the right syntax to use near 'SELECTw * FROM `users`' at line 1

30-01-17, 07:01:55
 In FILE: C:\OpenServer\domains\own\index.php
 Line #: 17
 QUERY: SELECTw * FROM `users`
You have an error in your SQL syntax; check the manual that corresponds to your MySQL server version for the right syntax to use near 'SELECTw * FROM `users`' at line 1

30-01-17, 07:01:47
 In FILE: C:\OpenServer\domains\own\index.php
 Line #: 18
 QUERY: SELECTw * FROM `users`
You have an error in your SQL syntax; check the manual that corresponds to your MySQL server version for the right syntax to use near 'SELECTw * FROM `users`' at line 1

30-01-17, 07:01:35
 In FILE: C:\OpenServer\domains\own\index.php
 Line #: 18
 QUERY: SELECTw * FROM `users`
You have an error in your SQL syntax; check the manual that corresponds to your MySQL server version for the right syntax to use near 'SELECTw * FROM `users`' at line 1

30-01-17, 07:01:46
 In FILE: C:\OpenServer\domains\own\index.php
 Line #: 18
 QUERY: SELECTw * FROM `users`
You have an error in your SQL syntax; check the manual that corresponds to your MySQL server version for the right syntax to use near 'SELECTw * FROM `users`' at line 1

30-01-17, 07:01:38
 In FILE: C:\OpenServer\domains\own\index.php
 Line #: 18
 QUERY: SELECTw * FROM `users`
You have an error in your SQL syntax; check the manual that corresponds to your MySQL server version for the right syntax to use near 'SELECTw * FROM `users`' at line 1

30-01-17, 07:01:54
 In FILE: C:\OpenServer\domains\own\index.php
 Line #: 18
 QUERY: SELECTw * FROM `users`
You have an error in your SQL syntax; check the manual that corresponds to your MySQL server version for the right syntax to use near 'SELECTw * FROM `users`' at line 1

30-01-17, 07:01:22
 In FILE: C:\OpenServer\domains\own\index.php
 Line #: 18
 QUERY: SELECTw * FROM `users`
You have an error in your SQL syntax; check the manual that corresponds to your MySQL server version for the right syntax to use near 'SELECTw * FROM `users`' at line 1

30-01-17, 07:01:12
 In FILE: C:\OpenServer\domains\own\index.php
 Line #: 18
 QUERY: SELECTw * FROM `users`
You have an error in your SQL syntax; check the manual that corresponds to your MySQL server version for the right syntax to use near 'SELECTw * FROM `users`' at line 1

30-01-17, 07:01:24
 In FILE: C:\OpenServer\domains\own\index.php
 Line #: 18
 QUERY: SELECTw * FROM `users`
You have an error in your SQL syntax; check the manual that corresponds to your MySQL server version for the right syntax to use near 'SELECTw * FROM `users`' at line 1

30-01-17, 07:01:54
 In FILE: C:\OpenServer\domains\own\index.php
 Line #: 18
 QUERY: SELECTw * FROM `users`
You have an error in your SQL syntax; check the manual that corresponds to your MySQL server version for the right syntax to use near 'SELECTw * FROM `users`' at line 1

30-01-17, 07:01:01
 In FILE: C:\OpenServer\domains\own\index.php
 Line #: 18
 QUERY: SELECTw * FROM `users`
You have an error in your SQL syntax; check the manual that corresponds to your MySQL server version for the right syntax to use near 'SELECTw * FROM `users`' at line 1

30-01-17, 07:01:16
 In FILE: C:\OpenServer\domains\own\index.php
 Line #: 18
 QUERY: SELECTw * FROM `users`
You have an error in your SQL syntax; check the manual that corresponds to your MySQL server version for the right syntax to use near 'SELECTw * FROM `users`' at line 1

30-01-17, 07:01:15
 In FILE: C:\OpenServer\domains\own\index.php
 Line #: 18
 QUERY: SELECTw * FROM `users`
You have an error in your SQL syntax; check the manual that corresponds to your MySQL server version for the right syntax to use near 'SELECTw * FROM `users`' at line 1

30-01-17, 07:01:25
 In FILE: C:\OpenServer\domains\own\index.php
 Line #: 18
 QUERY: SELECTw * FROM `users`
You have an error in your SQL syntax; check the manual that corresponds to your MySQL server version for the right syntax to use near 'SELECTw * FROM `users`' at line 1

30-01-17, 07:01:21
 In FILE: C:\OpenServer\domains\own\index.php
 Line #: 18
 QUERY: SELECTw * FROM `users`
You have an error in your SQL syntax; check the manual that corresponds to your MySQL server version for the right syntax to use near 'SELECTw * FROM `users`' at line 1

30-01-17, 07:01:28
 In FILE: C:\OpenServer\domains\own\index.php
 Line #: 18
 QUERY: SELECTw * FROM `users`
You have an error in your SQL syntax; check the manual that corresponds to your MySQL server version for the right syntax to use near 'SELECTw * FROM `users`' at line 1

30-01-17, 07:01:19
 In FILE: C:\OpenServer\domains\own\index.php
 Line #: 18
 QUERY: SELECTw * FROM `users`
You have an error in your SQL syntax; check the manual that corresponds to your MySQL server version for the right syntax to use near 'SELECTw * FROM `users`' at line 1

30-01-17, 07:01:43
 In FILE: C:\OpenServer\domains\own\index.php
 Line #: 18
 QUERY: SELECTw * FROM `users`
You have an error in your SQL syntax; check the manual that corresponds to your MySQL server version for the right syntax to use near 'SELECTw * FROM `users`' at line 1

